mode: set
github.com/rogpeppe/generic/ring/buffer.go:37.46,41.2 3 1
github.com/rogpeppe/generic/ring/buffer.go:44.39,45.34 1 1
github.com/rogpeppe/generic/ring/buffer.go:45.34,47.24 2 1
github.com/rogpeppe/generic/ring/buffer.go:47.24,48.17 1 1
github.com/rogpeppe/generic/ring/buffer.go:48.17,50.5 1 1
github.com/rogpeppe/generic/ring/buffer.go:52.3,52.24 1 1
github.com/rogpeppe/generic/ring/buffer.go:52.24,53.17 1 0
github.com/rogpeppe/generic/ring/buffer.go:53.17,55.5 1 0
github.com/rogpeppe/generic/ring/buffer.go:63.35,64.18 1 1
github.com/rogpeppe/generic/ring/buffer.go:64.18,65.44 1 1
github.com/rogpeppe/generic/ring/buffer.go:67.2,68.16 2 1
github.com/rogpeppe/generic/ring/buffer.go:72.36,80.2 6 1
github.com/rogpeppe/generic/ring/buffer.go:83.34,88.2 4 1
github.com/rogpeppe/generic/ring/buffer.go:99.43,103.29 3 1
github.com/rogpeppe/generic/ring/buffer.go:103.29,105.3 1 1
github.com/rogpeppe/generic/ring/buffer.go:105.8,108.3 2 0
github.com/rogpeppe/generic/ring/buffer.go:109.2,109.19 1 1
github.com/rogpeppe/generic/ring/buffer.go:121.45,124.22 3 1
github.com/rogpeppe/generic/ring/buffer.go:124.22,127.3 1 1
github.com/rogpeppe/generic/ring/buffer.go:127.8,130.3 2 1
github.com/rogpeppe/generic/ring/buffer.go:131.2,133.19 3 1
github.com/rogpeppe/generic/ring/buffer.go:139.49,141.12 2 1
github.com/rogpeppe/generic/ring/buffer.go:141.12,143.3 1 0
github.com/rogpeppe/generic/ring/buffer.go:144.2,145.21 2 1
github.com/rogpeppe/generic/ring/buffer.go:145.21,149.3 1 1
github.com/rogpeppe/generic/ring/buffer.go:149.8,152.3 2 1
github.com/rogpeppe/generic/ring/buffer.go:153.2,156.10 4 1
github.com/rogpeppe/generic/ring/buffer.go:162.47,164.12 2 1
github.com/rogpeppe/generic/ring/buffer.go:164.12,166.3 1 0
github.com/rogpeppe/generic/ring/buffer.go:167.2,168.15 2 1
github.com/rogpeppe/generic/ring/buffer.go:168.15,172.3 1 1
github.com/rogpeppe/generic/ring/buffer.go:172.8,175.3 2 1
github.com/rogpeppe/generic/ring/buffer.go:176.2,177.10 2 1
github.com/rogpeppe/generic/ring/buffer.go:184.46,185.26 1 1
github.com/rogpeppe/generic/ring/buffer.go:185.26,186.40 1 1
github.com/rogpeppe/generic/ring/buffer.go:188.2,190.17 3 1
github.com/rogpeppe/generic/ring/buffer.go:190.17,193.23 2 1
github.com/rogpeppe/generic/ring/buffer.go:193.23,196.4 1 1
github.com/rogpeppe/generic/ring/buffer.go:197.8,200.3 1 1
github.com/rogpeppe/generic/ring/buffer.go:201.2,201.10 1 1
github.com/rogpeppe/generic/ring/buffer.go:206.33,207.18 1 1
github.com/rogpeppe/generic/ring/buffer.go:207.18,208.42 1 1
github.com/rogpeppe/generic/ring/buffer.go:210.2,211.25 2 1
github.com/rogpeppe/generic/ring/buffer.go:215.31,217.2 1 1
github.com/rogpeppe/generic/ring/buffer.go:220.31,222.2 1 1
github.com/rogpeppe/generic/ring/buffer.go:230.35,232.2 1 1
github.com/rogpeppe/generic/ring/buffer.go:237.34,238.27 1 1
github.com/rogpeppe/generic/ring/buffer.go:238.27,239.58 1 1
github.com/rogpeppe/generic/ring/buffer.go:241.2,242.25 2 1
github.com/rogpeppe/generic/ring/buffer.go:247.34,248.18 1 1
github.com/rogpeppe/generic/ring/buffer.go:248.18,249.55 1 1
github.com/rogpeppe/generic/ring/buffer.go:251.2,257.10 7 1
github.com/rogpeppe/generic/ring/buffer.go:262.32,263.18 1 1
github.com/rogpeppe/generic/ring/buffer.go:263.18,264.53 1 1
github.com/rogpeppe/generic/ring/buffer.go:266.2,271.10 6 1
github.com/rogpeppe/generic/ring/buffer.go:275.38,276.21 1 1
github.com/rogpeppe/generic/ring/buffer.go:276.21,278.3 1 1
github.com/rogpeppe/generic/ring/buffer.go:279.2,279.13 1 1
github.com/rogpeppe/generic/ring/buffer.go:282.40,284.23 2 1
github.com/rogpeppe/generic/ring/buffer.go:284.23,286.3 1 1
github.com/rogpeppe/generic/ring/buffer.go:287.2,289.13 3 1
github.com/rogpeppe/generic/ring/buffer.go:289.13,291.3 1 1
github.com/rogpeppe/generic/ring/buffer.go:291.8,294.3 2 1
github.com/rogpeppe/generic/ring/buffer.go:295.2,295.18 1 1
github.com/rogpeppe/generic/ring/buffer.go:302.43,304.2 1 1
github.com/rogpeppe/generic/ring/buffer.go:306.41,308.14 2 1
github.com/rogpeppe/generic/ring/buffer.go:308.14,310.3 1 1
github.com/rogpeppe/generic/ring/buffer.go:311.2,311.29 1 0
github.com/rogpeppe/generic/ring/buffer.go:317.36,319.2 1 1
github.com/rogpeppe/generic/ring/buffer.go:321.37,324.2 2 1
